make all --print-data-base --no-builtin-variables --no-builtin-rules --question
# GNU Make 3.81
# Copyright (C) 2006  Free Software Foundation, Inc.
# This is free software; see the source for copying conditions.
# There is NO warranty; not even for MERCHANTABILITY or FITNESS FOR A
# PARTICULAR PURPOSE.

# This program built for i386-apple-darwin11.3.0
 
make: *** No rule to make target `src/main.o', needed by `main'.  Stop.


# Make data base, printed on Tue Aug  2 22:57:11 2022

# Variables

# automatic
<D = $(patsubst %/,%,$(dir $<))
# automatic
?F = $(notdir $?)
# environment
ELECTRON_NO_ATTACH_CONSOLE = 1
# makefile (from `Makefile', line 21)
SRC := src
# automatic
?D = $(patsubst %/,%,$(dir $?))
# makefile (from `Makefile', line 48)
INCLUDES := -Iinclude
# automatic
@D = $(patsubst %/,%,$(dir $@))
# automatic
 
@F = $(notdir $@)
# makefile
CURDIR := /Users/bowtiemay/Desktop/prjs/CPP-Programming/2-1
# makefile
SHELL = /bin/sh
# makefile (from `Makefile', line 43)
RM = rm -f
# environment
VSCODE_NLS_CONFIG = {"locale":"en-us","availableLanguages":{},"_languagePackSupport":true}
# environment
_ = /usr/bin/make
# makefile (from `Makefile', line 1)
MAKEFILE_LIST :=  Makefile
# makefile (from `Makefile', line 54)
SOURCES := src/main.cpp
# makefile (from `Makefile', line 10)
CXXFLAGS := -std=c++17 -Wall -Wextra -g
# environment
__CFBundleIdentifier = com.microsoft.VSCode
# environment
VSCODE_CWD = /Users/bowtiemay/Desktop/prjs/CPP-Programming
# environment
PATH = /Users/bowtiemay/miniforge3/bin:/Users/bowtiemay/miniforge3/condabin:/usr/local/bin:/usr/bin:/bin:/usr/sbin:/sbin
# makefile (from `Makefile', line 44)
MD := mkdir -p
# makefile (from `Makefile', line 41)
LIBDIRS := lib
# environment
ELECTRON_RUN_AS_NODE = 1
# makefile (from `Makefile', line 27)
LIB := lib
# default
.FEATURES := target-specific order-only second-expansion else-if archives jobserver check-symlink
# environment
SSH_AUTH_SOCK = /private/tmp/com.apple.launchd.ojk0lWZGru/Listeners
# automatic
%F = $(notdir $%)
# environment
CONDA_EXE = /Users/bowtiemay/miniforge3/bin/conda
# environment
PWD = /Users/bowtiemay/Desktop/prjs/CPP-Programming/2-1
# makefile (from `Makefile', line 65)
OUTPUTMAIN := output/main
# environment
ORIGINAL_XDG_CURRENT_DESKTOP = undefined
# environment
VSCODE_AMD_ENTRYPOINT = vs/workbench/api/node/extensionHostProcess
# environment
HOME = /Users/bowtiemay
# default
MAKEFILEPATH = $(shell /usr/bin/xcode-select -print-path 2>/dev/null || echo /Developer)/Makefiles
# environment
VSCODE_CLI = 1
# environment
VSCODE_CODE_CACHE_PATH = /Users/bowtiemay/Library/Application Support/Code/CachedData/3b889b090b5ad5793f524b5d1d39fda662b96a2a
# environment
LOGNAME = bowtiemay
# environment
APPLICATION_INSIGHTS_NO_DIAGNOSTIC_CHANNEL = true
# environment
CONDA_PROMPT_MODIFIER = (base) 
# makefile (from `Makefile', line 40)
INCLUDEDIRS := include
# environment
VSCODE_HANDLES_UNCAUGHT_ERRORS = true
# automatic
^D = $(patsubst %/,%,$(dir $^))
# environment
CONDA_DEFAULT_ENV = base
# environment
XPC_FLAGS = 0x0
# default
MAKE = $(MAKE_COMMAND)
# default
MAKECMDGOALS := all
# environment
SHLVL = 3
# makefile (from `Makefile', line 42)
FIXPATH = $1
# default
MAKE_VERSION := 3.81
# environment
USER = bowtiemay
# makefile
.DEFAULT_GOAL := all
# makefile (from `Makefile', line 24)
INCLUDE := include
# makefile (from `Makefile', line 39)
SOURCEDIRS := src
# environment
TERM_SESSION_ID = C1C02D56-3453-4793-A5D6-64F64FD4664F
# automatic
%D = $(patsubst %/,%,$(dir $%))
# makefile (from `Makefile', line 15)
LFLAGS = 
# environment
CONDA_SHLVL = 1
# default
MAKE_COMMAND := /Library/Developer/CommandLineTools/usr/bin/make
# environment
TERM_PROGRAM = Apple_Terminal
# default
.VARIABLES := 
# environment
TMPDIR = /var/folders/h5/5b_l3r754jz_fl2grq5m9_ch0000gn/T/
# automatic
*F = $(notdir $*)
# environment
VSCODE_IPC_HOOK = /Users/bowtiemay/Library/Application Support/Code/1.69.2-main.sock
# environment
MallocNanoZone = 0
# makefile
MAKEFLAGS = Rrqp
# environment
MFLAGS = -Rrqp
# automatic
*D = $(patsubst %/,%,$(dir $*))
# environment
TERM_PROGRAM_VERSION = 445
# makefile (from `Makefile', line 38)
MAIN := main
# environment
XPC_SERVICE_NAME = application.com.microsoft.VSCode.272848.272854.B1694266-91D0-4EFC-8D94-4105240A6CB1
# automatic
+D = $(patsubst %/,%,$(dir $+))
# automatic
+F = $(notdir $+)
# makefile (from `Makefile', line 18)
OUTPUT := output
# environment
__CF_USER_TEXT_ENCODING = 0x1F5:0x0:0x0
# environment
COMMAND_MODE = unix2003
# default
MAKEFILES := 
# automatic
<F = $(notdir $<)
# makefile (from `Makefile', line 7)
CXX = g++
# environment
LC_ALL = C
# environment
CONDA_PYTHON_EXE = /Users/bowtiemay/miniforge3/bin/python
# makefile (from `Makefile', line 51)
LIBS := -Llib
# automatic
^F = $(notdir $^)
# default
SUFFIXES := 
# environment
_CE_M = 
# default
.INCLUDE_DIRS = /usr/local/include
# environment
MAKELEVEL := 0
# makefile (from `Makefile', line 57)
OBJECTS := src/main.o
# environment
CONDA_PREFIX = /Users/bowtiemay/miniforge3
# environment
TERM = xterm-256color
# environment
VSCODE_PID = 2993
# environment
_CE_CONDA = 
# environment
LANG = C
# variable set hash-table stats:
# Load=91/1024=9%, Rehash=0, Collisions=4/138=3%

# Pattern-specific Variable Values

# No pattern-specific variable values.

# Directories

# . (device 16777231, inode 2440417): 8 files, no impossibilities.
# src (device 16777231, inode 2440493): 3 files, no impossibilities.

# 11 files, no impossibilities in 2 directories.

# Implicit Rules

# No implicit rules.

# Files

all: output main
#  Command-line target.
#  Implicit rule search has not been done.
#  File does not exist.
#  File has not been updated.
# variable set hash-table stats:
# Load=0/32=0%, Rehash=0, Collisions=0/0=0%
#  commands to execute (from `Makefile', line 68):
	@echo Executing 'all' complete!
	

.PHONY: clean
#  Implicit rule search has not been done.
#  Modification time never checked.
#  File has not been updated.

# Not a target:
src/main.o:
#  Implicit rule search has been done.
#  File does not exist.
#  File has not been updated.
# variable set hash-table stats:
# Load=0/32=0%, Rehash=0, Collisions=0/0=0%

# Not a target:
.SUFFIXES:
#  Implicit rule search has not been done.
#  Modification time never checked.
#  File has not been updated.

# Not a target:
Makefile:
#  Implicit rule search has been done.
#  Last modified 2022-08-02 22:57:09
#  File has been updated.
#  Successfully updated.
# variable set hash-table stats:
# Load=0/32=0%, Rehash=0, Collisions=0/0=0%

# Not a target:
.DEFAULT:
#  Implicit rule search has not been done.
#  Modification time never checked.
#  File has not been updated.

run: all
#  Implicit rule search has not been done.
#  Modification time never checked.
#  File has not been updated.
#  commands to execute (from `Makefile', line 90):
	./$(OUTPUTMAIN)
	@echo Executing 'run: all' complete!
	

.cpp.o:
#  Implicit rule search has not been done.
#  Modification time never checked.
#  File has not been updated.
#  commands to execute (from `Makefile', line 81):
	$(CXX) $(CXXFLAGS) $(INCLUDES) -c $<  -o $@
	

clean:
#  Phony target (prerequisite of .PHONY).
#  Implicit rule search has not been done.
#  File does not exist.
#  File has not been updated.
#  commands to execute (from `Makefile', line 85):
	$(RM) $(OUTPUTMAIN)
	$(RM) $(call FIXPATH,$(OBJECTS))
	@echo Cleanup complete!
	

main: src/main.o
#  Implicit rule search has not been done.
#  File does not exist.
#  File has not been updated.
# variable set hash-table stats:
# Load=0/32=0%, Rehash=0, Collisions=0/0=0%
#  commands to execute (from `Makefile', line 74):
	$(CXX) $(CXXFLAGS) $(INCLUDES) -o $(OUTPUTMAIN) $(OBJECTS) $(LFLAGS) $(LIBS)
	

output:
#  Implicit rule search has not been done.
#  Last modified 2022-08-02 22:57:09
#  File has been updated.
#  Successfully updated.
#  commands to execute (from `Makefile', line 71):
	$(MD) $(OUTPUT)
	

# files hash-table stats:
# Load=11/1024=1%, Rehash=0, Collisions=0/29=0%
# VPATH Search Paths

# No `vpath' search paths.

# No general (`VPATH' variable) search path.

# # of strings in strcache: 1
# # of strcache buffers: 1
# strcache size: total = 4096 / max = 4096 / min = 4096 / avg = 4096
# strcache free: total = 4087 / max = 4087 / min = 4087 / avg = 4087

# Finished Make data base on Tue Aug  2 22:57:11 2022

 
